<?xml version="1.0" encoding="UTF-8"?>
<testsuite xmlns:xsi="http://www.w3.org/2001/XMLSchema-instance" xsi:noNamespaceSchemaLocation="https://maven.apache.org/surefire/maven-surefire-plugin/xsd/surefire-test-report.xsd" name="RunTest" time="12.432" tests="7" errors="0" skipped="0" failures="0">
  <properties>
[...]
</properties>
  <testcase name="Create new student using POST method" classname="Testing of Student Management API" time="9.258"/>
  <testcase name="Verification status code" classname="Testing of Student Management API" time="0.442"/>
  <testcase name="Verification student id" classname="Testing of Student Management API" time="0.39"/>
  <testcase name="Verification student first_name" classname="Testing of Student Management API" time="0.425"/>
  <testcase name="Verification student middle_name" classname="Testing of Student Management API" time="0.367"/>
  <testcase name="Verification student last_name" classname="Testing of Student Management API" time="0.393"/>
  <testcase name="Verification student date_of_birth" classname="Testing of Student Management API" time="0.352"/>
</testsuite>